{
  "stats": {
    "suites": 7,
    "tests": 21,
    "passes": 21,
    "pending": 0,
    "failures": 0,
    "start": "2023-03-15T07:04:10.936Z",
    "end": "2023-03-15T07:04:27.664Z",
    "duration": 16728,
    "testsRegistered": 21,
    "passPercent": 100,
    "pendingPercent": 0,
    "other": 0,
    "hasOther": false,
    "skipped": 0,
    "hasSkipped": false
  },
  "results": [
    {
      "uuid": "2281e8c2-4a82-4618-a435-f7410f09eca6",
      "title": "",
      "fullFile": "cypress\\e2e\\calculator.cy.ts",
      "file": "cypress\\e2e\\calculator.cy.ts",
      "beforeHooks": [],
      "afterHooks": [],
      "tests": [],
      "suites": [
        {
          "uuid": "a9713c42-4e4f-4753-be0c-2a81b222c6e9",
          "title": "Home Page Function Components",
          "fullFile": "",
          "file": "",
          "beforeHooks": [],
          "afterHooks": [],
          "tests": [
            {
              "title": "Check keypad buttons",
              "fullTitle": "Home Page Function Components Check keypad buttons",
              "timedOut": null,
              "duration": 3691,
              "state": "passed",
              "speed": "fast",
              "pass": true,
              "fail": false,
              "pending": false,
              "context": null,
              "code": "cy.get('[data-test-id=key]')\n    .contains('1')\n    .click()\n    .get('[data-test-id=key]')\n    .contains('2')\n    .click()\n    .get('[data-test-id=key]')\n    .contains('3')\n    .click()\n    .get('[data-test-id=key]')\n    .contains('*')\n    .click()\n    .get('[data-test-id=key]')\n    .contains('4')\n    .click()\n    .get('[data-test-id=key]')\n    .contains('5')\n    .click()\n    .get('[data-test-id=key]')\n    .contains('6')\n    .click()\n    .get('[data-test-id=key]')\n    .contains('/')\n    .click()\n    .get('[data-test-id=key]')\n    .contains('7')\n    .click()\n    .get('[data-test-id=key]')\n    .contains('8')\n    .click()\n    .get('[data-test-id=key]')\n    .contains('9')\n    .click()\n    .get('[data-test-id=key]')\n    .contains('+')\n    .click()\n    .get('[data-test-id=key]')\n    .contains('C')\n    .click()\n    .get('[data-test-id=key]')\n    .contains('0')\n    .click()\n    .get('[data-test-id=key]')\n    .contains('3')\n    .click()\n    .get('[data-test-id=key]')\n    .contains('.')\n    .click()\n    .get('[data-test-id=key]')\n    .contains('-')\n    .click()\n    .get('[data-test-id=key]')\n    .contains('CE')\n    .click()\n    .get('[data-test-id=key]')\n    .contains('(')\n    .click()\n    .get('[data-test-id=key]')\n    .contains(')')\n    .click()\n    .get('[data-test-id=key]')\n    .contains('=');",
              "err": {},
              "uuid": "2e96c915-83b8-4df3-a0c1-827653ad18b2",
              "parentUUID": "a9713c42-4e4f-4753-be0c-2a81b222c6e9",
              "isHook": false,
              "skipped": false
            },
            {
              "title": "Check sum",
              "fullTitle": "Home Page Function Components Check sum",
              "timedOut": null,
              "duration": 646,
              "state": "passed",
              "speed": "fast",
              "pass": true,
              "fail": false,
              "pending": false,
              "context": null,
              "code": "cy.get('[data-test-id=key]')\n    .contains('2')\n    .click()\n    .get('[data-test-id=key]')\n    .contains('+')\n    .click()\n    .get('[data-test-id=key]')\n    .contains('6')\n    .click()\n    .get('[data-test-id=key]')\n    .contains('=')\n    .click()\n    .get('[data-test-id=display-value]')\n    .contains('2+6')\n    .get('[data-test-id=display-result-value]')\n    .contains('8');",
              "err": {},
              "uuid": "970356b3-de83-4a70-9971-70bfe92aa108",
              "parentUUID": "a9713c42-4e4f-4753-be0c-2a81b222c6e9",
              "isHook": false,
              "skipped": false
            },
            {
              "title": "Check substract",
              "fullTitle": "Home Page Function Components Check substract",
              "timedOut": null,
              "duration": 489,
              "state": "passed",
              "speed": "fast",
              "pass": true,
              "fail": false,
              "pending": false,
              "context": null,
              "code": "cy.get('[data-test-id=key]')\n    .contains('8')\n    .click()\n    .get('[data-test-id=key]')\n    .contains('-')\n    .click()\n    .get('[data-test-id=key]')\n    .contains('2')\n    .click()\n    .get('[data-test-id=key]')\n    .contains('=')\n    .click()\n    .get('[data-test-id=display-value]')\n    .contains('8-2')\n    .get('[data-test-id=display-result-value]')\n    .contains('6');",
              "err": {},
              "uuid": "ee82ea0c-3ede-4b3a-aa84-d3fe582d67a6",
              "parentUUID": "a9713c42-4e4f-4753-be0c-2a81b222c6e9",
              "isHook": false,
              "skipped": false
            },
            {
              "title": "Check multiply",
              "fullTitle": "Home Page Function Components Check multiply",
              "timedOut": null,
              "duration": 539,
              "state": "passed",
              "speed": "fast",
              "pass": true,
              "fail": false,
              "pending": false,
              "context": null,
              "code": "cy.get('[data-test-id=key]')\n    .contains('9')\n    .click()\n    .get('[data-test-id=key]')\n    .contains('*')\n    .click()\n    .get('[data-test-id=key]')\n    .contains('4')\n    .click()\n    .get('[data-test-id=key]')\n    .contains('=')\n    .click()\n    .get('[data-test-id=display-value]')\n    .contains('9*4')\n    .get('[data-test-id=display-result-value]')\n    .contains('36');",
              "err": {},
              "uuid": "ef19ddc4-4f52-446e-b892-f46519b82659",
              "parentUUID": "a9713c42-4e4f-4753-be0c-2a81b222c6e9",
              "isHook": false,
              "skipped": false
            },
            {
              "title": "Check division",
              "fullTitle": "Home Page Function Components Check division",
              "timedOut": null,
              "duration": 471,
              "state": "passed",
              "speed": "fast",
              "pass": true,
              "fail": false,
              "pending": false,
              "context": null,
              "code": "cy.get('[data-test-id=key]')\n    .contains('5')\n    .click()\n    .get('[data-test-id=key]')\n    .contains('/')\n    .click()\n    .get('[data-test-id=key]')\n    .contains('2')\n    .click()\n    .get('[data-test-id=key]')\n    .contains('=')\n    .click()\n    .get('[data-test-id=display-value]')\n    .contains('5/2')\n    .get('[data-test-id=display-result-value]')\n    .contains('2.5');",
              "err": {},
              "uuid": "e76f576b-e052-4616-8429-e5469da79d96",
              "parentUUID": "a9713c42-4e4f-4753-be0c-2a81b222c6e9",
              "isHook": false,
              "skipped": false
            },
            {
              "title": "Check calculate",
              "fullTitle": "Home Page Function Components Check calculate",
              "timedOut": null,
              "duration": 1174,
              "state": "passed",
              "speed": "fast",
              "pass": true,
              "fail": false,
              "pending": false,
              "context": null,
              "code": "cy.get('[data-test-id=key]')\n    .get('[data-test-id=key]')\n    .contains('-')\n    .click()\n    .get('[data-test-id=key]')\n    .contains('.')\n    .click()\n    .get('[data-test-id=key]')\n    .contains('5')\n    .click()\n    .get('[data-test-id=key]')\n    .contains('*')\n    .click()\n    .get('[data-test-id=key]')\n    .contains('(')\n    .click()\n    .get('[data-test-id=key]')\n    .contains('-')\n    .click()\n    .get('[data-test-id=key]')\n    .contains('2')\n    .click()\n    .get('[data-test-id=key]')\n    .contains('+')\n    .click()\n    .get('[data-test-id=key]')\n    .contains('5')\n    .click()\n    .get('[data-test-id=key]')\n    .contains(')')\n    .click()\n    .get('[data-test-id=key]')\n    .contains('=')\n    .click()\n    .get('[data-test-id=display-value]')\n    .contains('-.5*(-2+5)')\n    .get('[data-test-id=display-result-value]')\n    .contains('-1.5');",
              "err": {},
              "uuid": "a65dceed-256c-48d5-88e5-276f0023410f",
              "parentUUID": "a9713c42-4e4f-4753-be0c-2a81b222c6e9",
              "isHook": false,
              "skipped": false
            },
            {
              "title": "Check clear expression",
              "fullTitle": "Home Page Function Components Check clear expression",
              "timedOut": null,
              "duration": 608,
              "state": "passed",
              "speed": "fast",
              "pass": true,
              "fail": false,
              "pending": false,
              "context": null,
              "code": "cy.get('[data-test-id=key]')\n    .contains('5')\n    .click()\n    .get('[data-test-id=key]')\n    .contains('/')\n    .click()\n    .get('[data-test-id=key]')\n    .contains('2')\n    .click()\n    .get('[data-test-id=key]')\n    .contains('=')\n    .click()\n    .get('[data-test-id=key]')\n    .contains('C')\n    .click()\n    .get('[data-test-id=display-value]')\n    .should('have.text', '')\n    .get('[data-test-id=display-result-value]')\n    .should('have.text', '');",
              "err": {},
              "uuid": "b367e924-5728-41fd-8147-6b3255858a1c",
              "parentUUID": "a9713c42-4e4f-4753-be0c-2a81b222c6e9",
              "isHook": false,
              "skipped": false
            },
            {
              "title": "Check remove last character",
              "fullTitle": "Home Page Function Components Check remove last character",
              "timedOut": null,
              "duration": 464,
              "state": "passed",
              "speed": "fast",
              "pass": true,
              "fail": false,
              "pending": false,
              "context": null,
              "code": "cy.get('[data-test-id=key]')\n    .contains('5')\n    .click()\n    .get('[data-test-id=key]')\n    .contains('/')\n    .click()\n    .get('[data-test-id=key]')\n    .contains('2')\n    .click()\n    .get('[data-test-id=key]')\n    .contains('CE')\n    .click()\n    .get('[data-test-id=display-value]')\n    .should('have.text', '5/');",
              "err": {},
              "uuid": "1b0d66fc-f4bc-4e36-81b3-bc409e78a79e",
              "parentUUID": "a9713c42-4e4f-4753-be0c-2a81b222c6e9",
              "isHook": false,
              "skipped": false
            }
          ],
          "suites": [],
          "passes": [
            "2e96c915-83b8-4df3-a0c1-827653ad18b2",
            "970356b3-de83-4a70-9971-70bfe92aa108",
            "ee82ea0c-3ede-4b3a-aa84-d3fe582d67a6",
            "ef19ddc4-4f52-446e-b892-f46519b82659",
            "e76f576b-e052-4616-8429-e5469da79d96",
            "a65dceed-256c-48d5-88e5-276f0023410f",
            "b367e924-5728-41fd-8147-6b3255858a1c",
            "1b0d66fc-f4bc-4e36-81b3-bc409e78a79e"
          ],
          "failures": [],
          "pending": [],
          "skipped": [],
          "duration": 8082,
          "root": false,
          "rootEmpty": false,
          "_timeout": 2000
        },
        {
          "uuid": "7bb38444-b229-4fc7-8539-23529482c6b5",
          "title": "Home Page Class Components",
          "fullFile": "",
          "file": "",
          "beforeHooks": [],
          "afterHooks": [],
          "tests": [
            {
              "title": "Check keypad buttons",
              "fullTitle": "Home Page Class Components Check keypad buttons",
              "timedOut": null,
              "duration": 2020,
              "state": "passed",
              "speed": "fast",
              "pass": true,
              "fail": false,
              "pending": false,
              "context": null,
              "code": "cy.get('[data-test-id=key]')\n    .contains('1')\n    .click()\n    .get('[data-test-id=key]')\n    .contains('2')\n    .click()\n    .get('[data-test-id=key]')\n    .contains('3')\n    .click()\n    .get('[data-test-id=key]')\n    .contains('*')\n    .click()\n    .get('[data-test-id=key]')\n    .contains('4')\n    .click()\n    .get('[data-test-id=key]')\n    .contains('5')\n    .click()\n    .get('[data-test-id=key]')\n    .contains('6')\n    .click()\n    .get('[data-test-id=key]')\n    .contains('/')\n    .click()\n    .get('[data-test-id=key]')\n    .contains('7')\n    .click()\n    .get('[data-test-id=key]')\n    .contains('8')\n    .click()\n    .get('[data-test-id=key]')\n    .contains('9')\n    .click()\n    .get('[data-test-id=key]')\n    .contains('+')\n    .click()\n    .get('[data-test-id=key]')\n    .contains('C')\n    .click()\n    .get('[data-test-id=key]')\n    .contains('0')\n    .click()\n    .get('[data-test-id=key]')\n    .contains('3')\n    .click()\n    .get('[data-test-id=key]')\n    .contains('.')\n    .click()\n    .get('[data-test-id=key]')\n    .contains('-')\n    .click()\n    .get('[data-test-id=key]')\n    .contains('CE')\n    .click()\n    .get('[data-test-id=key]')\n    .contains('(')\n    .click()\n    .get('[data-test-id=key]')\n    .contains(')')\n    .click()\n    .get('[data-test-id=key]')\n    .contains('=');",
              "err": {},
              "uuid": "0b5a1b8b-b961-4cd6-9bb0-2830e51d58a0",
              "parentUUID": "7bb38444-b229-4fc7-8539-23529482c6b5",
              "isHook": false,
              "skipped": false
            },
            {
              "title": "Check sum",
              "fullTitle": "Home Page Class Components Check sum",
              "timedOut": null,
              "duration": 485,
              "state": "passed",
              "speed": "fast",
              "pass": true,
              "fail": false,
              "pending": false,
              "context": null,
              "code": "cy.get('[data-test-id=key]')\n    .contains('2')\n    .click()\n    .get('[data-test-id=key]')\n    .contains('+')\n    .click()\n    .get('[data-test-id=key]')\n    .contains('6')\n    .click()\n    .get('[data-test-id=key]')\n    .contains('=')\n    .click()\n    .get('[data-test-id=display-value]')\n    .contains('2+6')\n    .get('[data-test-id=display-result-value]')\n    .contains('8');",
              "err": {},
              "uuid": "7e92e1d7-ad9c-4ce8-ae8b-5ab59b19272d",
              "parentUUID": "7bb38444-b229-4fc7-8539-23529482c6b5",
              "isHook": false,
              "skipped": false
            },
            {
              "title": "Check substract",
              "fullTitle": "Home Page Class Components Check substract",
              "timedOut": null,
              "duration": 487,
              "state": "passed",
              "speed": "fast",
              "pass": true,
              "fail": false,
              "pending": false,
              "context": null,
              "code": "cy.get('[data-test-id=key]')\n    .contains('8')\n    .click()\n    .get('[data-test-id=key]')\n    .contains('-')\n    .click()\n    .get('[data-test-id=key]')\n    .contains('2')\n    .click()\n    .get('[data-test-id=key]')\n    .contains('=')\n    .click()\n    .get('[data-test-id=display-value]')\n    .contains('8-2')\n    .get('[data-test-id=display-result-value]')\n    .contains('6');",
              "err": {},
              "uuid": "e43fa916-2b91-4a75-9275-e8a4898f5689",
              "parentUUID": "7bb38444-b229-4fc7-8539-23529482c6b5",
              "isHook": false,
              "skipped": false
            },
            {
              "title": "Check multiply",
              "fullTitle": "Home Page Class Components Check multiply",
              "timedOut": null,
              "duration": 477,
              "state": "passed",
              "speed": "fast",
              "pass": true,
              "fail": false,
              "pending": false,
              "context": null,
              "code": "cy.get('[data-test-id=key]')\n    .contains('9')\n    .click()\n    .get('[data-test-id=key]')\n    .contains('*')\n    .click()\n    .get('[data-test-id=key]')\n    .contains('4')\n    .click()\n    .get('[data-test-id=key]')\n    .contains('=')\n    .click()\n    .get('[data-test-id=display-value]')\n    .contains('9*4')\n    .get('[data-test-id=display-result-value]')\n    .contains('36');",
              "err": {},
              "uuid": "9421d4d1-07e6-4578-9cf4-918343485c19",
              "parentUUID": "7bb38444-b229-4fc7-8539-23529482c6b5",
              "isHook": false,
              "skipped": false
            },
            {
              "title": "Check division",
              "fullTitle": "Home Page Class Components Check division",
              "timedOut": null,
              "duration": 468,
              "state": "passed",
              "speed": "fast",
              "pass": true,
              "fail": false,
              "pending": false,
              "context": null,
              "code": "cy.get('[data-test-id=key]')\n    .contains('5')\n    .click()\n    .get('[data-test-id=key]')\n    .contains('/')\n    .click()\n    .get('[data-test-id=key]')\n    .contains('2')\n    .click()\n    .get('[data-test-id=key]')\n    .contains('=')\n    .click()\n    .get('[data-test-id=display-value]')\n    .contains('5/2')\n    .get('[data-test-id=display-result-value]')\n    .contains('2.5');",
              "err": {},
              "uuid": "66207514-3e01-4b99-93ff-19999b43b8da",
              "parentUUID": "7bb38444-b229-4fc7-8539-23529482c6b5",
              "isHook": false,
              "skipped": false
            },
            {
              "title": "Check calculate",
              "fullTitle": "Home Page Class Components Check calculate",
              "timedOut": null,
              "duration": 1151,
              "state": "passed",
              "speed": "fast",
              "pass": true,
              "fail": false,
              "pending": false,
              "context": null,
              "code": "cy.get('[data-test-id=key]')\n    .get('[data-test-id=key]')\n    .contains('-')\n    .click()\n    .get('[data-test-id=key]')\n    .contains('.')\n    .click()\n    .get('[data-test-id=key]')\n    .contains('5')\n    .click()\n    .get('[data-test-id=key]')\n    .contains('*')\n    .click()\n    .get('[data-test-id=key]')\n    .contains('(')\n    .click()\n    .get('[data-test-id=key]')\n    .contains('-')\n    .click()\n    .get('[data-test-id=key]')\n    .contains('2')\n    .click()\n    .get('[data-test-id=key]')\n    .contains('+')\n    .click()\n    .get('[data-test-id=key]')\n    .contains('5')\n    .click()\n    .get('[data-test-id=key]')\n    .contains(')')\n    .click()\n    .get('[data-test-id=key]')\n    .contains('=')\n    .click()\n    .get('[data-test-id=display-value]')\n    .contains('-.5*(-2+5)')\n    .get('[data-test-id=display-result-value]')\n    .contains('-1.5');",
              "err": {},
              "uuid": "bb11f2d4-eb8f-4440-8393-f95ee18f3e10",
              "parentUUID": "7bb38444-b229-4fc7-8539-23529482c6b5",
              "isHook": false,
              "skipped": false
            },
            {
              "title": "Check clear expression",
              "fullTitle": "Home Page Class Components Check clear expression",
              "timedOut": null,
              "duration": 585,
              "state": "passed",
              "speed": "fast",
              "pass": true,
              "fail": false,
              "pending": false,
              "context": null,
              "code": "cy.get('[data-test-id=key]')\n    .contains('5')\n    .click()\n    .get('[data-test-id=key]')\n    .contains('/')\n    .click()\n    .get('[data-test-id=key]')\n    .contains('2')\n    .click()\n    .get('[data-test-id=key]')\n    .contains('=')\n    .click()\n    .get('[data-test-id=key]')\n    .contains('C')\n    .click()\n    .get('[data-test-id=display-value]')\n    .should('have.text', '')\n    .get('[data-test-id=display-result-value]')\n    .should('have.text', '');",
              "err": {},
              "uuid": "66be2eda-1b46-4155-8b66-f5a54c1da6d5",
              "parentUUID": "7bb38444-b229-4fc7-8539-23529482c6b5",
              "isHook": false,
              "skipped": false
            },
            {
              "title": "Check remove last character",
              "fullTitle": "Home Page Class Components Check remove last character",
              "timedOut": null,
              "duration": 493,
              "state": "passed",
              "speed": "fast",
              "pass": true,
              "fail": false,
              "pending": false,
              "context": null,
              "code": "cy.get('[data-test-id=key]')\n    .contains('5')\n    .click()\n    .get('[data-test-id=key]')\n    .contains('/')\n    .click()\n    .get('[data-test-id=key]')\n    .contains('2')\n    .click()\n    .get('[data-test-id=key]')\n    .contains('CE')\n    .click()\n    .get('[data-test-id=display-value]')\n    .should('have.text', '5/');",
              "err": {},
              "uuid": "a3b7e50b-03f1-4acf-b258-72f749d3ec76",
              "parentUUID": "7bb38444-b229-4fc7-8539-23529482c6b5",
              "isHook": false,
              "skipped": false
            }
          ],
          "suites": [],
          "passes": [
            "0b5a1b8b-b961-4cd6-9bb0-2830e51d58a0",
            "7e92e1d7-ad9c-4ce8-ae8b-5ab59b19272d",
            "e43fa916-2b91-4a75-9275-e8a4898f5689",
            "9421d4d1-07e6-4578-9cf4-918343485c19",
            "66207514-3e01-4b99-93ff-19999b43b8da",
            "bb11f2d4-eb8f-4440-8393-f95ee18f3e10",
            "66be2eda-1b46-4155-8b66-f5a54c1da6d5",
            "a3b7e50b-03f1-4acf-b258-72f749d3ec76"
          ],
          "failures": [],
          "pending": [],
          "skipped": [],
          "duration": 6166,
          "root": false,
          "rootEmpty": false,
          "_timeout": 2000
        },
        {
          "uuid": "7dc9a63f-c0e2-461f-8962-5ce4ecc19e38",
          "title": "Settings Page Function Components",
          "fullFile": "",
          "file": "",
          "beforeHooks": [],
          "afterHooks": [],
          "tests": [
            {
              "title": "Check theme switch",
              "fullTitle": "Settings Page Function Components Check theme switch",
              "timedOut": null,
              "duration": 266,
              "state": "passed",
              "speed": "fast",
              "pass": true,
              "fail": false,
              "pending": false,
              "context": null,
              "code": "cy.get('[data-test-id=theme-switch]')\n    .click()\n    .get('body')\n    .should('have.css', 'background-color', 'rgb(249, 249, 249)')\n    .get('[data-test-id=theme-switch]')\n    .click()\n    .get('body')\n    .should('have.css', 'background-color', 'rgb(46, 45, 45)');",
              "err": {},
              "uuid": "3138b4c9-021f-4098-aaa2-ec4f7f3d2614",
              "parentUUID": "7dc9a63f-c0e2-461f-8962-5ce4ecc19e38",
              "isHook": false,
              "skipped": false
            }
          ],
          "suites": [],
          "passes": [
            "3138b4c9-021f-4098-aaa2-ec4f7f3d2614"
          ],
          "failures": [],
          "pending": [],
          "skipped": [],
          "duration": 266,
          "root": false,
          "rootEmpty": false,
          "_timeout": 2000
        },
        {
          "uuid": "ab8f5a5c-3157-4eaa-a0cb-7182fc50da90",
          "title": "Settings Page Class Components",
          "fullFile": "",
          "file": "",
          "beforeHooks": [],
          "afterHooks": [],
          "tests": [
            {
              "title": "Check theme switch",
              "fullTitle": "Settings Page Class Components Check theme switch",
              "timedOut": null,
              "duration": 260,
              "state": "passed",
              "speed": "fast",
              "pass": true,
              "fail": false,
              "pending": false,
              "context": null,
              "code": "cy.get('[data-test-id=theme-switch]')\n    .click()\n    .get('body')\n    .should('have.css', 'background-color', 'rgb(249, 249, 249)')\n    .get('[data-test-id=theme-switch]')\n    .click()\n    .get('body')\n    .should('have.css', 'background-color', 'rgb(46, 45, 45)');",
              "err": {},
              "uuid": "f2bf14fc-4c8c-4274-a446-f4f7559e3597",
              "parentUUID": "ab8f5a5c-3157-4eaa-a0cb-7182fc50da90",
              "isHook": false,
              "skipped": false
            }
          ],
          "suites": [],
          "passes": [
            "f2bf14fc-4c8c-4274-a446-f4f7559e3597"
          ],
          "failures": [],
          "pending": [],
          "skipped": [],
          "duration": 260,
          "root": false,
          "rootEmpty": false,
          "_timeout": 2000
        },
        {
          "uuid": "4238c08c-ba52-46b1-9a29-0959c3b04f15",
          "title": "Clear history function fomponent",
          "fullFile": "",
          "file": "",
          "beforeHooks": [],
          "afterHooks": [],
          "tests": [
            {
              "title": "Check Clear History",
              "fullTitle": "Clear history function fomponent Check Clear History",
              "timedOut": null,
              "duration": 640,
              "state": "passed",
              "speed": "fast",
              "pass": true,
              "fail": false,
              "pending": false,
              "context": null,
              "code": "cy.visit(homeRoute);\ncy.get('[data-test-id=key]')\n    .contains('2')\n    .click()\n    .get('[data-test-id=key]')\n    .contains('+')\n    .click()\n    .get('[data-test-id=key]')\n    .contains('6')\n    .click()\n    .get('[data-test-id=key]')\n    .contains('=')\n    .click()\n    .get('[data-test-id=history-monitor]')\n    .contains('2+6=8')\n    .visit(settingsRoute)\n    .get('[data-test-id=clear-history')\n    .click()\n    .visit(homeRoute)\n    .get('[data-test-id=history-monitor]')\n    .should('not.exist');",
              "err": {},
              "uuid": "51dcddfd-3f90-4a67-8582-06fe76df21a0",
              "parentUUID": "4238c08c-ba52-46b1-9a29-0959c3b04f15",
              "isHook": false,
              "skipped": false
            }
          ],
          "suites": [],
          "passes": [
            "51dcddfd-3f90-4a67-8582-06fe76df21a0"
          ],
          "failures": [],
          "pending": [],
          "skipped": [],
          "duration": 640,
          "root": false,
          "rootEmpty": false,
          "_timeout": 2000
        },
        {
          "uuid": "a5167eae-cf56-4e6f-9fea-5e49021b8189",
          "title": "Clear history class fomponent",
          "fullFile": "",
          "file": "",
          "beforeHooks": [],
          "afterHooks": [],
          "tests": [
            {
              "title": "Check Clear History",
              "fullTitle": "Clear history class fomponent Check Clear History",
              "timedOut": null,
              "duration": 670,
              "state": "passed",
              "speed": "fast",
              "pass": true,
              "fail": false,
              "pending": false,
              "context": null,
              "code": "cy.visit(homeRoute);\ncy.get('[data-test-id=key]')\n    .contains('2')\n    .click()\n    .get('[data-test-id=key]')\n    .contains('+')\n    .click()\n    .get('[data-test-id=key]')\n    .contains('6')\n    .click()\n    .get('[data-test-id=key]')\n    .contains('=')\n    .click()\n    .get('[data-test-id=history-monitor]')\n    .contains('2+6=8')\n    .visit(settingsRoute)\n    .get('[data-test-id=clear-history')\n    .click()\n    .visit(homeRoute)\n    .get('[data-test-id=history-monitor]')\n    .should('not.exist');",
              "err": {},
              "uuid": "cddea934-8f18-4a06-82db-a5375a15aa69",
              "parentUUID": "a5167eae-cf56-4e6f-9fea-5e49021b8189",
              "isHook": false,
              "skipped": false
            }
          ],
          "suites": [],
          "passes": [
            "cddea934-8f18-4a06-82db-a5375a15aa69"
          ],
          "failures": [],
          "pending": [],
          "skipped": [],
          "duration": 670,
          "root": false,
          "rootEmpty": false,
          "_timeout": 2000
        },
        {
          "uuid": "8a44b235-dafd-4a7b-81d0-8c5a014ef98e",
          "title": "Check navigation",
          "fullFile": "",
          "file": "",
          "beforeHooks": [],
          "afterHooks": [],
          "tests": [
            {
              "title": "check navigation links",
              "fullTitle": "Check navigation check navigation links",
              "timedOut": null,
              "duration": 443,
              "state": "passed",
              "speed": "fast",
              "pass": true,
              "fail": false,
              "pending": false,
              "context": null,
              "code": "cy.visit(SETTINGS_CC_ROUTE);\ncy.get('[data-test-id=nav-link]')\n    .contains('Home FC')\n    .click()\n    .location()\n    .should(function (location) {\n    expect(location.pathname).to.equal(HOME_FC_ROUTE);\n})\n    .get('[data-test-id=nav-link]')\n    .contains('Home CC')\n    .click()\n    .location()\n    .should(function (location) {\n    expect(location.pathname).to.equal(HOME_CC_ROUTE);\n})\n    .get('[data-test-id=nav-link]')\n    .contains('Settings FC')\n    .click()\n    .location()\n    .should(function (location) {\n    expect(location.pathname).to.equal(SETTINGS_FC_ROUTE);\n})\n    .get('[data-test-id=nav-link]')\n    .contains('Settings CC')\n    .click()\n    .location()\n    .should(function (location) {\n    expect(location.pathname).to.equal(SETTINGS_CC_ROUTE);\n});",
              "err": {},
              "uuid": "869bf4c9-e642-4cd7-9d1b-acbcbe23a0a0",
              "parentUUID": "8a44b235-dafd-4a7b-81d0-8c5a014ef98e",
              "isHook": false,
              "skipped": false
            }
          ],
          "suites": [],
          "passes": [
            "869bf4c9-e642-4cd7-9d1b-acbcbe23a0a0"
          ],
          "failures": [],
          "pending": [],
          "skipped": [],
          "duration": 443,
          "root": false,
          "rootEmpty": false,
          "_timeout": 2000
        }
      ],
      "passes": [],
      "failures": [],
      "pending": [],
      "skipped": [],
      "duration": 0,
      "root": true,
      "rootEmpty": true,
      "_timeout": 2000
    }
  ],
  "meta": {
    "mocha": {
      "version": "7.0.1"
    },
    "mochawesome": {
      "options": {
        "quiet": false,
        "reportFilename": "report",
        "saveHtml": false,
        "saveJson": true,
        "consoleReporter": "spec",
        "useInlineDiffs": false,
        "code": true
      },
      "version": "7.1.3"
    },
    "marge": {
      "options": {
        "html": false,
        "json": true,
        "reportDir": "cypress/report",
        "reportFilename": "report",
        "overwrite": true
      },
      "version": "6.2.0"
    }
  }
}