{
  "stats": {
    "suites": 7,
    "tests": 21,
    "passes": 21,
    "pending": 0,
    "failures": 0,
    "start": "2023-03-10T16:05:54.672Z",
    "end": "2023-03-10T16:06:12.072Z",
    "duration": 17400,
    "testsRegistered": 21,
    "passPercent": 100,
    "pendingPercent": 0,
    "other": 0,
    "hasOther": false,
    "skipped": 0,
    "hasSkipped": false
  },
  "results": [
    {
      "uuid": "cc4acdac-6273-4899-95ff-bdb015e4bd56",
      "title": "",
      "fullFile": "cypress\\e2e\\calculator.cy.ts",
      "file": "cypress\\e2e\\calculator.cy.ts",
      "beforeHooks": [],
      "afterHooks": [],
      "tests": [],
      "suites": [
        {
          "uuid": "80801085-cf76-467c-9111-e39f2830d453",
          "title": "Home Page Function Components",
          "fullFile": "",
          "file": "",
          "beforeHooks": [],
          "afterHooks": [],
          "tests": [
            {
              "title": "Check keypad buttons",
              "fullTitle": "Home Page Function Components Check keypad buttons",
              "timedOut": null,
              "duration": 3659,
              "state": "passed",
              "speed": "fast",
              "pass": true,
              "fail": false,
              "pending": false,
              "context": null,
              "code": "cy.get('[data-test-id=key]')\n    .contains('1')\n    .click()\n    .get('[data-test-id=key]')\n    .contains('2')\n    .click()\n    .get('[data-test-id=key]')\n    .contains('3')\n    .click()\n    .get('[data-test-id=key]')\n    .contains('*')\n    .click()\n    .get('[data-test-id=key]')\n    .contains('4')\n    .click()\n    .get('[data-test-id=key]')\n    .contains('5')\n    .click()\n    .get('[data-test-id=key]')\n    .contains('6')\n    .click()\n    .get('[data-test-id=key]')\n    .contains('/')\n    .click()\n    .get('[data-test-id=key]')\n    .contains('7')\n    .click()\n    .get('[data-test-id=key]')\n    .contains('8')\n    .click()\n    .get('[data-test-id=key]')\n    .contains('9')\n    .click()\n    .get('[data-test-id=key]')\n    .contains('+')\n    .click()\n    .get('[data-test-id=key]')\n    .contains('C')\n    .click()\n    .get('[data-test-id=key]')\n    .contains('0')\n    .click()\n    .get('[data-test-id=key]')\n    .contains('3')\n    .click()\n    .get('[data-test-id=key]')\n    .contains('.')\n    .click()\n    .get('[data-test-id=key]')\n    .contains('-')\n    .click()\n    .get('[data-test-id=key]')\n    .contains('CE')\n    .click()\n    .get('[data-test-id=key]')\n    .contains('(')\n    .click()\n    .get('[data-test-id=key]')\n    .contains(')')\n    .click()\n    .get('[data-test-id=key]')\n    .contains('=');",
              "err": {},
              "uuid": "f0af76dc-4554-4d63-a9c3-2073189610c4",
              "parentUUID": "80801085-cf76-467c-9111-e39f2830d453",
              "isHook": false,
              "skipped": false
            },
            {
              "title": "Check sum",
              "fullTitle": "Home Page Function Components Check sum",
              "timedOut": null,
              "duration": 1343,
              "state": "passed",
              "speed": "fast",
              "pass": true,
              "fail": false,
              "pending": false,
              "context": null,
              "code": "cy.get('[data-test-id=key]')\n    .contains('2')\n    .click()\n    .get('[data-test-id=key]')\n    .contains('+')\n    .click()\n    .get('[data-test-id=key]')\n    .contains('6')\n    .click()\n    .get('[data-test-id=key]')\n    .contains('=')\n    .click()\n    .get('[data-test-id=display-value]')\n    .contains('2+6')\n    .get('[data-test-id=display-result-value]')\n    .contains('8');",
              "err": {},
              "uuid": "e960b982-f258-4d6e-8ed4-5c9451e2e4a2",
              "parentUUID": "80801085-cf76-467c-9111-e39f2830d453",
              "isHook": false,
              "skipped": false
            },
            {
              "title": "Check substract",
              "fullTitle": "Home Page Function Components Check substract",
              "timedOut": null,
              "duration": 478,
              "state": "passed",
              "speed": "fast",
              "pass": true,
              "fail": false,
              "pending": false,
              "context": null,
              "code": "cy.get('[data-test-id=key]')\n    .contains('8')\n    .click()\n    .get('[data-test-id=key]')\n    .contains('-')\n    .click()\n    .get('[data-test-id=key]')\n    .contains('2')\n    .click()\n    .get('[data-test-id=key]')\n    .contains('=')\n    .click()\n    .get('[data-test-id=display-value]')\n    .contains('8-2')\n    .get('[data-test-id=display-result-value]')\n    .contains('6');",
              "err": {},
              "uuid": "088f05e7-b025-4d13-8c3f-720c59ab8e75",
              "parentUUID": "80801085-cf76-467c-9111-e39f2830d453",
              "isHook": false,
              "skipped": false
            },
            {
              "title": "Check multiply",
              "fullTitle": "Home Page Function Components Check multiply",
              "timedOut": null,
              "duration": 487,
              "state": "passed",
              "speed": "fast",
              "pass": true,
              "fail": false,
              "pending": false,
              "context": null,
              "code": "cy.get('[data-test-id=key]')\n    .contains('9')\n    .click()\n    .get('[data-test-id=key]')\n    .contains('*')\n    .click()\n    .get('[data-test-id=key]')\n    .contains('4')\n    .click()\n    .get('[data-test-id=key]')\n    .contains('=')\n    .click()\n    .get('[data-test-id=display-value]')\n    .contains('9*4')\n    .get('[data-test-id=display-result-value]')\n    .contains('36');",
              "err": {},
              "uuid": "c9a03700-c965-4abb-bb80-74f2c4e0cd81",
              "parentUUID": "80801085-cf76-467c-9111-e39f2830d453",
              "isHook": false,
              "skipped": false
            },
            {
              "title": "Check division",
              "fullTitle": "Home Page Function Components Check division",
              "timedOut": null,
              "duration": 504,
              "state": "passed",
              "speed": "fast",
              "pass": true,
              "fail": false,
              "pending": false,
              "context": null,
              "code": "cy.get('[data-test-id=key]')\n    .contains('5')\n    .click()\n    .get('[data-test-id=key]')\n    .contains('/')\n    .click()\n    .get('[data-test-id=key]')\n    .contains('2')\n    .click()\n    .get('[data-test-id=key]')\n    .contains('=')\n    .click()\n    .get('[data-test-id=display-value]')\n    .contains('5/2')\n    .get('[data-test-id=display-result-value]')\n    .contains('2.5');",
              "err": {},
              "uuid": "bfd6727d-ffe0-45fe-afe8-3f078add34ef",
              "parentUUID": "80801085-cf76-467c-9111-e39f2830d453",
              "isHook": false,
              "skipped": false
            },
            {
              "title": "Check calculate",
              "fullTitle": "Home Page Function Components Check calculate",
              "timedOut": null,
              "duration": 1166,
              "state": "passed",
              "speed": "fast",
              "pass": true,
              "fail": false,
              "pending": false,
              "context": null,
              "code": "cy.get('[data-test-id=key]')\n    .get('[data-test-id=key]')\n    .contains('-')\n    .click()\n    .get('[data-test-id=key]')\n    .contains('.')\n    .click()\n    .get('[data-test-id=key]')\n    .contains('5')\n    .click()\n    .get('[data-test-id=key]')\n    .contains('*')\n    .click()\n    .get('[data-test-id=key]')\n    .contains('(')\n    .click()\n    .get('[data-test-id=key]')\n    .contains('-')\n    .click()\n    .get('[data-test-id=key]')\n    .contains('2')\n    .click()\n    .get('[data-test-id=key]')\n    .contains('+')\n    .click()\n    .get('[data-test-id=key]')\n    .contains('5')\n    .click()\n    .get('[data-test-id=key]')\n    .contains(')')\n    .click()\n    .get('[data-test-id=key]')\n    .contains('=')\n    .click()\n    .get('[data-test-id=display-value]')\n    .contains('-.5*(-2+5)')\n    .get('[data-test-id=display-result-value]')\n    .contains('-1.5');",
              "err": {},
              "uuid": "7e8ee92d-91ff-421b-ad8c-ff038271b2a7",
              "parentUUID": "80801085-cf76-467c-9111-e39f2830d453",
              "isHook": false,
              "skipped": false
            },
            {
              "title": "Check clear expression",
              "fullTitle": "Home Page Function Components Check clear expression",
              "timedOut": null,
              "duration": 559,
              "state": "passed",
              "speed": "fast",
              "pass": true,
              "fail": false,
              "pending": false,
              "context": null,
              "code": "cy.get('[data-test-id=key]')\n    .contains('5')\n    .click()\n    .get('[data-test-id=key]')\n    .contains('/')\n    .click()\n    .get('[data-test-id=key]')\n    .contains('2')\n    .click()\n    .get('[data-test-id=key]')\n    .contains('=')\n    .click()\n    .get('[data-test-id=key]')\n    .contains('C')\n    .click()\n    .get('[data-test-id=display-value]')\n    .should('have.text', '')\n    .get('[data-test-id=display-result-value]')\n    .should('have.text', '');",
              "err": {},
              "uuid": "131e9e86-6363-4c6e-9723-03cbe8294e9f",
              "parentUUID": "80801085-cf76-467c-9111-e39f2830d453",
              "isHook": false,
              "skipped": false
            },
            {
              "title": "Check remove last character",
              "fullTitle": "Home Page Function Components Check remove last character",
              "timedOut": null,
              "duration": 467,
              "state": "passed",
              "speed": "fast",
              "pass": true,
              "fail": false,
              "pending": false,
              "context": null,
              "code": "cy.get('[data-test-id=key]')\n    .contains('5')\n    .click()\n    .get('[data-test-id=key]')\n    .contains('/')\n    .click()\n    .get('[data-test-id=key]')\n    .contains('2')\n    .click()\n    .get('[data-test-id=key]')\n    .contains('CE')\n    .click()\n    .get('[data-test-id=display-value]')\n    .should('have.text', '5/');",
              "err": {},
              "uuid": "44ee58fe-0172-44af-94c9-43bb5efdf932",
              "parentUUID": "80801085-cf76-467c-9111-e39f2830d453",
              "isHook": false,
              "skipped": false
            }
          ],
          "suites": [],
          "passes": [
            "f0af76dc-4554-4d63-a9c3-2073189610c4",
            "e960b982-f258-4d6e-8ed4-5c9451e2e4a2",
            "088f05e7-b025-4d13-8c3f-720c59ab8e75",
            "c9a03700-c965-4abb-bb80-74f2c4e0cd81",
            "bfd6727d-ffe0-45fe-afe8-3f078add34ef",
            "7e8ee92d-91ff-421b-ad8c-ff038271b2a7",
            "131e9e86-6363-4c6e-9723-03cbe8294e9f",
            "44ee58fe-0172-44af-94c9-43bb5efdf932"
          ],
          "failures": [],
          "pending": [],
          "skipped": [],
          "duration": 8663,
          "root": false,
          "rootEmpty": false,
          "_timeout": 2000
        },
        {
          "uuid": "3f690ea2-fdb5-4935-a0b5-712e7537d13c",
          "title": "Home Page Class Components",
          "fullFile": "",
          "file": "",
          "beforeHooks": [],
          "afterHooks": [],
          "tests": [
            {
              "title": "Check keypad buttons",
              "fullTitle": "Home Page Class Components Check keypad buttons",
              "timedOut": null,
              "duration": 2119,
              "state": "passed",
              "speed": "fast",
              "pass": true,
              "fail": false,
              "pending": false,
              "context": null,
              "code": "cy.get('[data-test-id=key]')\n    .contains('1')\n    .click()\n    .get('[data-test-id=key]')\n    .contains('2')\n    .click()\n    .get('[data-test-id=key]')\n    .contains('3')\n    .click()\n    .get('[data-test-id=key]')\n    .contains('*')\n    .click()\n    .get('[data-test-id=key]')\n    .contains('4')\n    .click()\n    .get('[data-test-id=key]')\n    .contains('5')\n    .click()\n    .get('[data-test-id=key]')\n    .contains('6')\n    .click()\n    .get('[data-test-id=key]')\n    .contains('/')\n    .click()\n    .get('[data-test-id=key]')\n    .contains('7')\n    .click()\n    .get('[data-test-id=key]')\n    .contains('8')\n    .click()\n    .get('[data-test-id=key]')\n    .contains('9')\n    .click()\n    .get('[data-test-id=key]')\n    .contains('+')\n    .click()\n    .get('[data-test-id=key]')\n    .contains('C')\n    .click()\n    .get('[data-test-id=key]')\n    .contains('0')\n    .click()\n    .get('[data-test-id=key]')\n    .contains('3')\n    .click()\n    .get('[data-test-id=key]')\n    .contains('.')\n    .click()\n    .get('[data-test-id=key]')\n    .contains('-')\n    .click()\n    .get('[data-test-id=key]')\n    .contains('CE')\n    .click()\n    .get('[data-test-id=key]')\n    .contains('(')\n    .click()\n    .get('[data-test-id=key]')\n    .contains(')')\n    .click()\n    .get('[data-test-id=key]')\n    .contains('=');",
              "err": {},
              "uuid": "0c11208d-b20f-442e-9ef2-9aa1f32df0b3",
              "parentUUID": "3f690ea2-fdb5-4935-a0b5-712e7537d13c",
              "isHook": false,
              "skipped": false
            },
            {
              "title": "Check sum",
              "fullTitle": "Home Page Class Components Check sum",
              "timedOut": null,
              "duration": 480,
              "state": "passed",
              "speed": "fast",
              "pass": true,
              "fail": false,
              "pending": false,
              "context": null,
              "code": "cy.get('[data-test-id=key]')\n    .contains('2')\n    .click()\n    .get('[data-test-id=key]')\n    .contains('+')\n    .click()\n    .get('[data-test-id=key]')\n    .contains('6')\n    .click()\n    .get('[data-test-id=key]')\n    .contains('=')\n    .click()\n    .get('[data-test-id=display-value]')\n    .contains('2+6')\n    .get('[data-test-id=display-result-value]')\n    .contains('8');",
              "err": {},
              "uuid": "a6b74d9d-3634-4c1f-a33e-8f01324503a6",
              "parentUUID": "3f690ea2-fdb5-4935-a0b5-712e7537d13c",
              "isHook": false,
              "skipped": false
            },
            {
              "title": "Check substract",
              "fullTitle": "Home Page Class Components Check substract",
              "timedOut": null,
              "duration": 528,
              "state": "passed",
              "speed": "fast",
              "pass": true,
              "fail": false,
              "pending": false,
              "context": null,
              "code": "cy.get('[data-test-id=key]')\n    .contains('8')\n    .click()\n    .get('[data-test-id=key]')\n    .contains('-')\n    .click()\n    .get('[data-test-id=key]')\n    .contains('2')\n    .click()\n    .get('[data-test-id=key]')\n    .contains('=')\n    .click()\n    .get('[data-test-id=display-value]')\n    .contains('8-2')\n    .get('[data-test-id=display-result-value]')\n    .contains('6');",
              "err": {},
              "uuid": "cc0fd747-e26c-4163-92b9-0a40b82eb36c",
              "parentUUID": "3f690ea2-fdb5-4935-a0b5-712e7537d13c",
              "isHook": false,
              "skipped": false
            },
            {
              "title": "Check multiply",
              "fullTitle": "Home Page Class Components Check multiply",
              "timedOut": null,
              "duration": 494,
              "state": "passed",
              "speed": "fast",
              "pass": true,
              "fail": false,
              "pending": false,
              "context": null,
              "code": "cy.get('[data-test-id=key]')\n    .contains('9')\n    .click()\n    .get('[data-test-id=key]')\n    .contains('*')\n    .click()\n    .get('[data-test-id=key]')\n    .contains('4')\n    .click()\n    .get('[data-test-id=key]')\n    .contains('=')\n    .click()\n    .get('[data-test-id=display-value]')\n    .contains('9*4')\n    .get('[data-test-id=display-result-value]')\n    .contains('36');",
              "err": {},
              "uuid": "89c64397-46da-4f21-957e-a93678713874",
              "parentUUID": "3f690ea2-fdb5-4935-a0b5-712e7537d13c",
              "isHook": false,
              "skipped": false
            },
            {
              "title": "Check division",
              "fullTitle": "Home Page Class Components Check division",
              "timedOut": null,
              "duration": 471,
              "state": "passed",
              "speed": "fast",
              "pass": true,
              "fail": false,
              "pending": false,
              "context": null,
              "code": "cy.get('[data-test-id=key]')\n    .contains('5')\n    .click()\n    .get('[data-test-id=key]')\n    .contains('/')\n    .click()\n    .get('[data-test-id=key]')\n    .contains('2')\n    .click()\n    .get('[data-test-id=key]')\n    .contains('=')\n    .click()\n    .get('[data-test-id=display-value]')\n    .contains('5/2')\n    .get('[data-test-id=display-result-value]')\n    .contains('2.5');",
              "err": {},
              "uuid": "da7c5e5e-a01b-471e-9dbb-b4309e3a8b47",
              "parentUUID": "3f690ea2-fdb5-4935-a0b5-712e7537d13c",
              "isHook": false,
              "skipped": false
            },
            {
              "title": "Check calculate",
              "fullTitle": "Home Page Class Components Check calculate",
              "timedOut": null,
              "duration": 1149,
              "state": "passed",
              "speed": "fast",
              "pass": true,
              "fail": false,
              "pending": false,
              "context": null,
              "code": "cy.get('[data-test-id=key]')\n    .get('[data-test-id=key]')\n    .contains('-')\n    .click()\n    .get('[data-test-id=key]')\n    .contains('.')\n    .click()\n    .get('[data-test-id=key]')\n    .contains('5')\n    .click()\n    .get('[data-test-id=key]')\n    .contains('*')\n    .click()\n    .get('[data-test-id=key]')\n    .contains('(')\n    .click()\n    .get('[data-test-id=key]')\n    .contains('-')\n    .click()\n    .get('[data-test-id=key]')\n    .contains('2')\n    .click()\n    .get('[data-test-id=key]')\n    .contains('+')\n    .click()\n    .get('[data-test-id=key]')\n    .contains('5')\n    .click()\n    .get('[data-test-id=key]')\n    .contains(')')\n    .click()\n    .get('[data-test-id=key]')\n    .contains('=')\n    .click()\n    .get('[data-test-id=display-value]')\n    .contains('-.5*(-2+5)')\n    .get('[data-test-id=display-result-value]')\n    .contains('-1.5');",
              "err": {},
              "uuid": "b53d1d0f-7587-4e0f-9233-c70a3bcb03ea",
              "parentUUID": "3f690ea2-fdb5-4935-a0b5-712e7537d13c",
              "isHook": false,
              "skipped": false
            },
            {
              "title": "Check clear expression",
              "fullTitle": "Home Page Class Components Check clear expression",
              "timedOut": null,
              "duration": 555,
              "state": "passed",
              "speed": "fast",
              "pass": true,
              "fail": false,
              "pending": false,
              "context": null,
              "code": "cy.get('[data-test-id=key]')\n    .contains('5')\n    .click()\n    .get('[data-test-id=key]')\n    .contains('/')\n    .click()\n    .get('[data-test-id=key]')\n    .contains('2')\n    .click()\n    .get('[data-test-id=key]')\n    .contains('=')\n    .click()\n    .get('[data-test-id=key]')\n    .contains('C')\n    .click()\n    .get('[data-test-id=display-value]')\n    .should('have.text', '')\n    .get('[data-test-id=display-result-value]')\n    .should('have.text', '');",
              "err": {},
              "uuid": "48ece83b-d1ae-4829-8929-581aad01d58c",
              "parentUUID": "3f690ea2-fdb5-4935-a0b5-712e7537d13c",
              "isHook": false,
              "skipped": false
            },
            {
              "title": "Check remove last character",
              "fullTitle": "Home Page Class Components Check remove last character",
              "timedOut": null,
              "duration": 472,
              "state": "passed",
              "speed": "fast",
              "pass": true,
              "fail": false,
              "pending": false,
              "context": null,
              "code": "cy.get('[data-test-id=key]')\n    .contains('5')\n    .click()\n    .get('[data-test-id=key]')\n    .contains('/')\n    .click()\n    .get('[data-test-id=key]')\n    .contains('2')\n    .click()\n    .get('[data-test-id=key]')\n    .contains('CE')\n    .click()\n    .get('[data-test-id=display-value]')\n    .should('have.text', '5/');",
              "err": {},
              "uuid": "37bd2e8e-bef4-4534-bb25-d17b877a0e81",
              "parentUUID": "3f690ea2-fdb5-4935-a0b5-712e7537d13c",
              "isHook": false,
              "skipped": false
            }
          ],
          "suites": [],
          "passes": [
            "0c11208d-b20f-442e-9ef2-9aa1f32df0b3",
            "a6b74d9d-3634-4c1f-a33e-8f01324503a6",
            "cc0fd747-e26c-4163-92b9-0a40b82eb36c",
            "89c64397-46da-4f21-957e-a93678713874",
            "da7c5e5e-a01b-471e-9dbb-b4309e3a8b47",
            "b53d1d0f-7587-4e0f-9233-c70a3bcb03ea",
            "48ece83b-d1ae-4829-8929-581aad01d58c",
            "37bd2e8e-bef4-4534-bb25-d17b877a0e81"
          ],
          "failures": [],
          "pending": [],
          "skipped": [],
          "duration": 6268,
          "root": false,
          "rootEmpty": false,
          "_timeout": 2000
        },
        {
          "uuid": "9e2087f4-6079-499d-87cb-cfd05e563541",
          "title": "Settings Page Function Components",
          "fullFile": "",
          "file": "",
          "beforeHooks": [],
          "afterHooks": [],
          "tests": [
            {
              "title": "Check theme switch",
              "fullTitle": "Settings Page Function Components Check theme switch",
              "timedOut": null,
              "duration": 258,
              "state": "passed",
              "speed": "fast",
              "pass": true,
              "fail": false,
              "pending": false,
              "context": null,
              "code": "cy.get('[data-test-id=theme-switch]')\n    .click()\n    .get('body')\n    .should('have.css', 'background-color', 'rgb(249, 249, 249)')\n    .get('[data-test-id=theme-switch]')\n    .click()\n    .get('body')\n    .should('have.css', 'background-color', 'rgb(46, 45, 45)');",
              "err": {},
              "uuid": "a91e85d5-fb22-4d2c-afaf-4b44fc87d416",
              "parentUUID": "9e2087f4-6079-499d-87cb-cfd05e563541",
              "isHook": false,
              "skipped": false
            }
          ],
          "suites": [],
          "passes": [
            "a91e85d5-fb22-4d2c-afaf-4b44fc87d416"
          ],
          "failures": [],
          "pending": [],
          "skipped": [],
          "duration": 258,
          "root": false,
          "rootEmpty": false,
          "_timeout": 2000
        },
        {
          "uuid": "cf4f0d43-4610-4ca0-b955-b553efc17485",
          "title": "Settings Page Class Components",
          "fullFile": "",
          "file": "",
          "beforeHooks": [],
          "afterHooks": [],
          "tests": [
            {
              "title": "Check theme switch",
              "fullTitle": "Settings Page Class Components Check theme switch",
              "timedOut": null,
              "duration": 255,
              "state": "passed",
              "speed": "fast",
              "pass": true,
              "fail": false,
              "pending": false,
              "context": null,
              "code": "cy.get('[data-test-id=theme-switch]')\n    .click()\n    .get('body')\n    .should('have.css', 'background-color', 'rgb(249, 249, 249)')\n    .get('[data-test-id=theme-switch]')\n    .click()\n    .get('body')\n    .should('have.css', 'background-color', 'rgb(46, 45, 45)');",
              "err": {},
              "uuid": "cc4550f8-608a-4e02-86e5-cba6547e07ac",
              "parentUUID": "cf4f0d43-4610-4ca0-b955-b553efc17485",
              "isHook": false,
              "skipped": false
            }
          ],
          "suites": [],
          "passes": [
            "cc4550f8-608a-4e02-86e5-cba6547e07ac"
          ],
          "failures": [],
          "pending": [],
          "skipped": [],
          "duration": 255,
          "root": false,
          "rootEmpty": false,
          "_timeout": 2000
        },
        {
          "uuid": "cfa8ffa8-04c3-4a38-8cc4-44be244df670",
          "title": "Clear history function fomponent",
          "fullFile": "",
          "file": "",
          "beforeHooks": [],
          "afterHooks": [],
          "tests": [
            {
              "title": "Check Clear History",
              "fullTitle": "Clear history function fomponent Check Clear History",
              "timedOut": null,
              "duration": 666,
              "state": "passed",
              "speed": "fast",
              "pass": true,
              "fail": false,
              "pending": false,
              "context": null,
              "code": "cy.visit(homeRoute);\ncy.get('[data-test-id=key]')\n    .contains('2')\n    .click()\n    .get('[data-test-id=key]')\n    .contains('+')\n    .click()\n    .get('[data-test-id=key]')\n    .contains('6')\n    .click()\n    .get('[data-test-id=key]')\n    .contains('=')\n    .click()\n    .get('[data-test-id=history-monitor]')\n    .contains('2+6=8')\n    .visit(settingsRoute)\n    .get('[data-test-id=clear-history')\n    .click()\n    .visit(homeRoute)\n    .get('[data-test-id=history-monitor]')\n    .should('not.exist');",
              "err": {},
              "uuid": "a6bcd0d1-8291-4f45-878f-140c3a5bc170",
              "parentUUID": "cfa8ffa8-04c3-4a38-8cc4-44be244df670",
              "isHook": false,
              "skipped": false
            }
          ],
          "suites": [],
          "passes": [
            "a6bcd0d1-8291-4f45-878f-140c3a5bc170"
          ],
          "failures": [],
          "pending": [],
          "skipped": [],
          "duration": 666,
          "root": false,
          "rootEmpty": false,
          "_timeout": 2000
        },
        {
          "uuid": "5bc41cf3-3df2-4925-8f3b-9a1e233dff6f",
          "title": "Clear history class fomponent",
          "fullFile": "",
          "file": "",
          "beforeHooks": [],
          "afterHooks": [],
          "tests": [
            {
              "title": "Check Clear History",
              "fullTitle": "Clear history class fomponent Check Clear History",
              "timedOut": null,
              "duration": 641,
              "state": "passed",
              "speed": "fast",
              "pass": true,
              "fail": false,
              "pending": false,
              "context": null,
              "code": "cy.visit(homeRoute);\ncy.get('[data-test-id=key]')\n    .contains('2')\n    .click()\n    .get('[data-test-id=key]')\n    .contains('+')\n    .click()\n    .get('[data-test-id=key]')\n    .contains('6')\n    .click()\n    .get('[data-test-id=key]')\n    .contains('=')\n    .click()\n    .get('[data-test-id=history-monitor]')\n    .contains('2+6=8')\n    .visit(settingsRoute)\n    .get('[data-test-id=clear-history')\n    .click()\n    .visit(homeRoute)\n    .get('[data-test-id=history-monitor]')\n    .should('not.exist');",
              "err": {},
              "uuid": "1ed1701d-5e44-41ac-a2fb-a77ee6cff1ef",
              "parentUUID": "5bc41cf3-3df2-4925-8f3b-9a1e233dff6f",
              "isHook": false,
              "skipped": false
            }
          ],
          "suites": [],
          "passes": [
            "1ed1701d-5e44-41ac-a2fb-a77ee6cff1ef"
          ],
          "failures": [],
          "pending": [],
          "skipped": [],
          "duration": 641,
          "root": false,
          "rootEmpty": false,
          "_timeout": 2000
        },
        {
          "uuid": "a17769aa-3f1f-47e2-8ad0-335e6702d0c2",
          "title": "Check navigation",
          "fullFile": "",
          "file": "",
          "beforeHooks": [],
          "afterHooks": [],
          "tests": [
            {
              "title": "check navigation links",
              "fullTitle": "Check navigation check navigation links",
              "timedOut": null,
              "duration": 448,
              "state": "passed",
              "speed": "fast",
              "pass": true,
              "fail": false,
              "pending": false,
              "context": null,
              "code": "cy.visit(_constants__WEBPACK_IMPORTED_MODULE_0__[\"SETTINGS_CC_ROUTE\"]);\ncy.get('[data-test-id=nav-link]')\n    .contains('Home FC')\n    .click()\n    .location()\n    .should(function (location) {\n    expect(location.pathname).to.equal(_constants__WEBPACK_IMPORTED_MODULE_0__[\"HOME_FC_ROUTE\"]);\n})\n    .get('[data-test-id=nav-link]')\n    .contains('Home CC')\n    .click()\n    .location()\n    .should(function (location) {\n    expect(location.pathname).to.equal(_constants__WEBPACK_IMPORTED_MODULE_0__[\"HOME_CC_ROUTE\"]);\n})\n    .get('[data-test-id=nav-link]')\n    .contains('Settings FC')\n    .click()\n    .location()\n    .should(function (location) {\n    expect(location.pathname).to.equal(_constants__WEBPACK_IMPORTED_MODULE_0__[\"SETTINGS_FC_ROUTE\"]);\n})\n    .get('[data-test-id=nav-link]')\n    .contains('Settings CC')\n    .click()\n    .location()\n    .should(function (location) {\n    expect(location.pathname).to.equal(_constants__WEBPACK_IMPORTED_MODULE_0__[\"SETTINGS_CC_ROUTE\"]);\n});",
              "err": {},
              "uuid": "3deb2350-75f4-4d53-928a-d6310a95c3ef",
              "parentUUID": "a17769aa-3f1f-47e2-8ad0-335e6702d0c2",
              "isHook": false,
              "skipped": false
            }
          ],
          "suites": [],
          "passes": [
            "3deb2350-75f4-4d53-928a-d6310a95c3ef"
          ],
          "failures": [],
          "pending": [],
          "skipped": [],
          "duration": 448,
          "root": false,
          "rootEmpty": false,
          "_timeout": 2000
        }
      ],
      "passes": [],
      "failures": [],
      "pending": [],
      "skipped": [],
      "duration": 0,
      "root": true,
      "rootEmpty": true,
      "_timeout": 2000
    }
  ],
  "meta": {
    "mocha": {
      "version": "7.0.1"
    },
    "mochawesome": {
      "options": {
        "quiet": false,
        "reportFilename": "report",
        "saveHtml": false,
        "saveJson": true,
        "consoleReporter": "spec",
        "useInlineDiffs": false,
        "code": true
      },
      "version": "7.1.3"
    },
    "marge": {
      "options": {
        "html": false,
        "json": true,
        "reportDir": "cypress/report",
        "reportFilename": "report",
        "overwrite": true
      },
      "version": "6.2.0"
    }
  }
}